2019-10-29 18:49:50 # qwe # Login Success
2019-10-29 18:51:02 # cswin # Login Failed
2019-10-29 18:51:05 # cswin # Login Failed
2019-10-29 18:51:07 # cswin # Login Failed
2019-10-29 18:51:21 # cswin # Login Failed
2019-10-29 18:51:23 # cswin # Login Failed LOCK
2019-10-29 18:55:12 # cswin # Locked ID
2019-10-29 18:55:12 # cswin # Locked ID
2019-10-29 18:56:00 # cswin # Login Success
2019-10-29 18:56:03 # qwe # Login Failed
2019-10-29 18:56:06 # qwe # Login Failed
2019-10-29 18:56:08 # qwe # Login Failed
2019-10-29 18:56:10 # qwe # Login Failed
2019-10-29 18:56:12 # qwe # Login Failed LOCK
2019-10-29 18:56:14 # qwe # Locked ID
2019-10-29 18:57:18 # qwe # Locked ID
2019-10-29 18:57:18 # qwe # Locked ID
2019-10-29 18:58:46 # qwe # Locked ID
2019-10-29 18:58:49 # qwe # Locked ID
2019-10-29 18:59:32 # cswin # Login Success
2019-10-29 18:59:35 # cswin # Login Failed
2019-10-29 18:59:38 # aa # Login Failed
2019-10-29 18:59:41 # qwe # Locked ID
2019-10-29 19:04:23 # cswin # Login Success
2019-10-29 19:21:10 # cswin # Login Success
2019-10-29 20:13:48 # cswin # Login Success
2019-10-29 20:49:37 # cswin # Login Success
2019-10-29 20:55:12 # cswin # Login Success
2019-10-29 21:18:09 # cswin # Login Success
2019-10-29 21:34:02 # qwe # Login Success
